<?xml version="1.0" encoding="UTF-8"?>
<testsuite name="Run on Firefox"
           tests="5"
           failures="1"
           errors="0"
           skipped="4"
           time="3.811">
  <properties />
            <testcase name="beforeClass" time="3.811" classname="com.nopcommerce.cookies.Payment">
                <failure type="org.openqa.selenium.UnableToSetCookieException"
                  message="[Exception... &quot;Component returned failure code: 0x80070057 (NS_ERROR_ILLEGAL_VALUE) [nsICookieManager.add]&quot;  nsresult: &quot;0x80070057 (NS_ERROR_ILLEGAL_VALUE)&quot;  location: &quot;JS frame :: chrome://remote/content/marionette/cookie.sys.mjs :: cookie.add :: line 229&quot;  data: no]
Build info: version: &apos;4.23.0&apos;, revision: &apos;4df0a231af&apos;
System info: os.name: &apos;Windows 11&apos;, os.arch: &apos;amd64&apos;, os.version: &apos;10.0&apos;, java.version: &apos;21.0.3&apos;
Driver info: org.openqa.selenium.firefox.FirefoxDriver
Command: [bf4c53bc-208f-4bf0-a09f-5467df203235, addCookie {cookie=.Nop.Authentication=CfDJ8ANtxi6GmRdAg-XvtCcZLQCmHnSNwVQS6W7X511lIOujrB0GNpDvW-3m_btba03p66TIoTJCbmXLy2piUeZXsXpg0hZkU6arhMaVQ9RfEKGbGKiml_vJnUP1Q5T6pocKxt6RcAuhvLtKUmRuf1NQEhPCFMOwDVxsuV1JtinQugbamicF8g-sKlnudb-KGUzU8HqdOTB-KBd-obRhnlBJ2Q8pJmh3v2ugs2sbCQm6e_m2HwOEJXuNHL8teLBbNwRfInQlWsdGkngOV7XcB1ZkE9TwdzjLzMonzyg0qnC8oS-_N6sP9ek6x92FfSZ6vybvcCRa7cYB_trvbh_2FRriQHzUtYpvUiBeOCcmZa48wWwy9ARs3ppojylnfNJiVHavcldZs0_0tIqsrUFCC0iqZK98XOs5n1R_dsjNq00Yp7KmVCwseOarnOkN0h0aZNatCTBZcwOTMOGXTqFBx1aUZ8rsuw5GS9dA5s6fWIqjz_xLaHnM93eZTDHx_Y_4itaPLlwpiJwKr9TOlxMWY5kTdFvZIN7VpcLrGbidERTsGo1UqMnv5j4TVA82YqWBlgVTzk7OsINbI6AIjYR_uvqGyec; path=/; domain=localhost; sameSite=Lax}]
Capabilities {acceptInsecureCerts: true, browserName: firefox, browserVersion: 131.0, moz:accessibilityChecks: false, moz:buildID: 20240923135042, moz:debuggerAddress: 127.0.0.1:32383, moz:geckodriverVersion: 0.35.0, moz:headless: false, moz:platformVersion: 10.0, moz:processID: 23660, moz:profile: C:\Users\TugAh\AppData\Loca..., moz:shutdownTimeout: 60000, moz:webdriverClick: true, moz:windowless: false, pageLoadStrategy: normal, platformName: windows, proxy: Proxy(), se:cdp: ws://127.0.0.1:32383/devtoo..., se:cdpVersion: 85.0, setWindowRect: true, strictFileInteractability: false, timeouts: {implicit: 0, pageLoad: 300000, script: 30000}, unhandledPromptBehavior: dismiss and notify, userAgent: Mozilla/5.0 (Windows NT 10....}
Session ID: bf4c53bc-208f-4bf0-a09f-5467df203235"
              >
<![CDATA[org.openqa.selenium.UnableToSetCookieException: [Exception... "Component returned failure code: 0x80070057 (NS_ERROR_ILLEGAL_VALUE) [nsICookieManager.add]"  nsresult: "0x80070057 (NS_ERROR_ILLEGAL_VALUE)"  location: "JS frame :: chrome://remote/content/marionette/cookie.sys.mjs :: cookie.add :: line 229"  data: no]
Build info: version: '4.23.0', revision: '4df0a231af'
System info: os.name: 'Windows 11', os.arch: 'amd64', os.version: '10.0', java.version: '21.0.3'
Driver info: org.openqa.selenium.firefox.FirefoxDriver
Command: [bf4c53bc-208f-4bf0-a09f-5467df203235, addCookie {cookie=.Nop.Authentication=CfDJ8ANtxi6GmRdAg-XvtCcZLQCmHnSNwVQS6W7X511lIOujrB0GNpDvW-3m_btba03p66TIoTJCbmXLy2piUeZXsXpg0hZkU6arhMaVQ9RfEKGbGKiml_vJnUP1Q5T6pocKxt6RcAuhvLtKUmRuf1NQEhPCFMOwDVxsuV1JtinQugbamicF8g-sKlnudb-KGUzU8HqdOTB-KBd-obRhnlBJ2Q8pJmh3v2ugs2sbCQm6e_m2HwOEJXuNHL8teLBbNwRfInQlWsdGkngOV7XcB1ZkE9TwdzjLzMonzyg0qnC8oS-_N6sP9ek6x92FfSZ6vybvcCRa7cYB_trvbh_2FRriQHzUtYpvUiBeOCcmZa48wWwy9ARs3ppojylnfNJiVHavcldZs0_0tIqsrUFCC0iqZK98XOs5n1R_dsjNq00Yp7KmVCwseOarnOkN0h0aZNatCTBZcwOTMOGXTqFBx1aUZ8rsuw5GS9dA5s6fWIqjz_xLaHnM93eZTDHx_Y_4itaPLlwpiJwKr9TOlxMWY5kTdFvZIN7VpcLrGbidERTsGo1UqMnv5j4TVA82YqWBlgVTzk7OsINbI6AIjYR_uvqGyec; path=/; domain=localhost; sameSite=Lax}]
Capabilities {acceptInsecureCerts: true, browserName: firefox, browserVersion: 131.0, moz:accessibilityChecks: false, moz:buildID: 20240923135042, moz:debuggerAddress: 127.0.0.1:32383, moz:geckodriverVersion: 0.35.0, moz:headless: false, moz:platformVersion: 10.0, moz:processID: 23660, moz:profile: C:\Users\TugAh\AppData\Loca..., moz:shutdownTimeout: 60000, moz:webdriverClick: true, moz:windowless: false, pageLoadStrategy: normal, platformName: windows, proxy: Proxy(), se:cdp: ws://127.0.0.1:32383/devtoo..., se:cdpVersion: 85.0, setWindowRect: true, strictFileInteractability: false, timeouts: {implicit: 0, pageLoad: 300000, script: 30000}, unhandledPromptBehavior: dismiss and notify, userAgent: Mozilla/5.0 (Windows NT 10....}
Session ID: bf4c53bc-208f-4bf0-a09f-5467df203235
  java.base/jdk.internal.reflect.DirectConstructorHandleAccessor.newInstance(DirectConstructorHandleAccessor.java:62)
  java.base/java.lang.reflect.Constructor.newInstanceWithCaller(Constructor.java:502)
  java.base/java.lang.reflect.Constructor.newInstance(Constructor.java:486)
  org.openqa.selenium.remote.ErrorCodec.decode(ErrorCodec.java:167)
  org.openqa.selenium.remote.codec.w3c.W3CHttpResponseCodec.decode(W3CHttpResponseCodec.java:138)
  org.openqa.selenium.remote.codec.w3c.W3CHttpResponseCodec.decode(W3CHttpResponseCodec.java:50)
  org.openqa.selenium.remote.HttpCommandExecutor.execute(HttpCommandExecutor.java:190)
  org.openqa.selenium.remote.service.DriverCommandExecutor.invokeExecute(DriverCommandExecutor.java:216)
  org.openqa.selenium.remote.service.DriverCommandExecutor.execute(DriverCommandExecutor.java:174)
  org.openqa.selenium.remote.RemoteWebDriver.execute(RemoteWebDriver.java:527)
  org.openqa.selenium.remote.RemoteWebDriver$RemoteWebDriverOptions.addCookie(RemoteWebDriver.java:849)
  commons.BasePage.setCookies(BasePage.java:93)
  com.nopcommerce.cookies.Payment.beforeClass(Payment.java:39)
  java.base/jdk.internal.reflect.DirectMethodHandleAccessor.invoke(DirectMethodHandleAccessor.java:103)
  java.base/java.lang.reflect.Method.invoke(Method.java:580)
  org.testng.internal.invokers.MethodInvocationHelper.invokeMethod(MethodInvocationHelper.java:141)
  org.testng.internal.invokers.MethodInvocationHelper.invokeMethodConsideringTimeout(MethodInvocationHelper.java:71)
  org.testng.internal.invokers.ConfigInvoker.invokeConfigurationMethod(ConfigInvoker.java:400)
  org.testng.internal.invokers.ConfigInvoker.invokeConfigurations(ConfigInvoker.java:333)
  org.testng.internal.invokers.TestMethodWorker.invokeBeforeClassMethods(TestMethodWorker.java:188)
  org.testng.internal.invokers.TestMethodWorker.run(TestMethodWorker.java:128)
  java.base/java.util.ArrayList.forEach(ArrayList.java:1596)
  org.testng.TestRunner.privateRun(TestRunner.java:739)
  org.testng.TestRunner.run(TestRunner.java:614)
  org.testng.SuiteRunner.runTest(SuiteRunner.java:421)
  org.testng.SuiteRunner.runSequentially(SuiteRunner.java:413)
  org.testng.SuiteRunner.privateRun(SuiteRunner.java:373)
  org.testng.SuiteRunner.run(SuiteRunner.java:312)
  org.testng.SuiteRunnerWorker.runSuite(SuiteRunnerWorker.java:52)
  org.testng.SuiteRunnerWorker.run(SuiteRunnerWorker.java:95)
  org.testng.TestNG.runSuitesSequentially(TestNG.java:1274)
  org.testng.TestNG.runSuitesLocally(TestNG.java:1208)
  org.testng.TestNG.runSuites(TestNG.java:1112)
  org.testng.TestNG.run(TestNG.java:1079)
  com.intellij.rt.testng.IDEARemoteTestNG.run(IDEARemoteTestNG.java:65)
  com.intellij.rt.testng.RemoteTestNGStarter.main(RemoteTestNGStarter.java:105)
]]>
      </failure>

          </testcase>
  
            <testcase name="afterClass" time="0.0" classname="com.nopcommerce.cookies.Payment">
          <skipped />
    </testcase>
            <testcase name="Product_01_Visa" time="0.0" classname="com.nopcommerce.cookies.Payment">
          <skipped />
    </testcase>
            <testcase name="Product_02_Cheque" time="0.0" classname="com.nopcommerce.cookies.Payment">
          <skipped />
    </testcase>
            <testcase name="Product_03_Paypal" time="0.0" classname="com.nopcommerce.cookies.Payment">
          <skipped />
    </testcase>
  
  
</testsuite>
